<?xml version="1.0" encoding="UTF-8"?>
<!-- Generated by org.testng.reporters.JUnitReportReporter -->
<testsuite hostname="SONY" failures="0" tests="14" name="api.test.UserDatadrivenTests" time="46.854" errors="0" timestamp="2024-08-12T19:59:00 IST" skipped="0">
  <testcase classname="api.test.UserDatadrivenTests" name="testCreateUser" time="5.262"/>
  <testcase classname="api.test.UserDatadrivenTests" name="testCreateUser" time="1.341"/>
  <testcase classname="api.test.UserDatadrivenTests" name="testCreateUser" time="15.323"/>
  <testcase classname="api.test.UserDatadrivenTests" name="testCreateUser" time="1.670"/>
  <testcase classname="api.test.UserDatadrivenTests" name="testCreateUser" time="3.954"/>
  <testcase classname="api.test.UserDatadrivenTests" name="testCreateUser" time="3.703"/>
  <testcase classname="api.test.UserDatadrivenTests" name="testCreateUser" time="4.593"/>
  <testcase classname="api.test.UserDatadrivenTests" name="testDeleteUser" time="1.293"/>
  <testcase classname="api.test.UserDatadrivenTests" name="testDeleteUser" time="1.938"/>
  <testcase classname="api.test.UserDatadrivenTests" name="testDeleteUser" time="1.477"/>
  <testcase classname="api.test.UserDatadrivenTests" name="testDeleteUser" time="1.347"/>
  <testcase classname="api.test.UserDatadrivenTests" name="testDeleteUser" time="1.280"/>
  <testcase classname="api.test.UserDatadrivenTests" name="testDeleteUser" time="2.232"/>
  <testcase classname="api.test.UserDatadrivenTests" name="testDeleteUser" time="1.441"/>
</testsuite> <!-- api.test.UserDatadrivenTests -->
