<?xml version="1.0" encoding="UTF-8"?>
<!-- Generated by org.testng.reporters.JUnitReportReporter -->
<testsuite hostname="SONY" failures="0" tests="4" name="api.test.UserTestsProperties" time="12.443" errors="0" timestamp="2024-08-14T09:07:21 IST" skipped="0">
  <testcase classname="api.test.UserTestsProperties" name="testCreateUser" time="7.013"/>
  <testcase classname="api.test.UserTestsProperties" name="testgetUserByName" time="2.818"/>
  <testcase classname="api.test.UserTestsProperties" name="testUpdateUser" time="1.255"/>
  <testcase classname="api.test.UserTestsProperties" name="deleteUser" time="1.357"/>
</testsuite> <!-- api.test.UserTestsProperties -->
